2026-06-21 11:40:17,174 [INFO] ============================================================
2026-06-21 11:40:17,174 [INFO] EXTRAÇÃO MP2.5 — MUNICÍPIOS DO RJ (2010-2025) — GRANULARIDADE MENSAL
2026-06-21 11:40:17,175 [INFO] Projeto: DLNM - Exposome Cerebrovascular RJ | Início: 2026-06-21 11:40:17.175022
2026-06-21 11:40:17,175 [INFO] ============================================================
2026-06-21 11:40:17,175 [INFO] Carregando cache: C:\Users\oorie\OneDrive\Documentos\TRABALHOS\DLNM\02_MP25_RJ_exposicao\data_raw\powerbi_api_cache.json
2026-06-21 11:40:17,239 [INFO] Cache carregado: 18 respostas
2026-06-21 11:40:17,240 [INFO] Passo 1 OK: 18 respostas capturadas
2026-06-21 11:40:17,240 [INFO] Extraindo PM2.5 por município...
2026-06-21 11:40:17,240 [INFO]   Consulta df_mensal encontrada: 7 colunas
2026-06-21 11:40:17,247 [INFO]   Total de registros extraídos: 5570
2026-06-21 11:40:17,247 [INFO]   Municípios com UF='RJ': 74
2026-06-21 11:40:17,249 [INFO]   DataFrame final: 74 municípios do RJ com dados
2026-06-21 11:40:17,250 [INFO]   PM25 medio: 15.52 ug/m3
2026-06-21 11:40:17,251 [INFO]   PM25 min: 6.86, max: 24.48
2026-06-21 11:40:17,251 [INFO] Passo 2 OK: 74 municípios
2026-06-21 11:40:17,251 [INFO] Atribuindo PM2.5 por vizinho mais próximo...
2026-06-21 11:40:17,252 [INFO]   Municípios monitorados: 74
2026-06-21 11:40:17,252 [INFO]   Municípios faltantes: 18
2026-06-21 11:40:17,253 [INFO]   Cabo Frio <- São Pedro da Aldeia (dist: 0.087 deg)
2026-06-21 11:40:17,255 [INFO]   Cantagalo <- Aperibé (dist: 0.162 deg)
2026-06-21 11:40:17,256 [INFO]   Duque de Caxias <- São João de Meriti (dist: 0.071 deg)
2026-06-21 11:40:17,258 [INFO]   Iguaba Grande <- Araruama (dist: 0.107 deg)
2026-06-21 11:40:17,259 [INFO]   Mesquita <- Belford Roxo (dist: 0.035 deg)
2026-06-21 11:40:17,260 [INFO]   Miguel Pereira <- Paty do Alferes (dist: 0.047 deg)
2026-06-21 11:40:17,262 [INFO]   Miracema <- Santo Antônio de Pádua (dist: 0.130 deg)
2026-06-21 11:40:17,263 [INFO]   Nilópolis <- São João de Meriti (dist: 0.041 deg)
2026-06-21 11:40:17,264 [INFO]   Nova Iguaçu <- Belford Roxo (dist: 0.050 deg)
2026-06-21 11:40:17,266 [INFO]   Petrópolis <- Guapimirim (dist: 0.191 deg)
2026-06-21 11:40:17,267 [INFO]   Pinheiral <- Volta Redonda (dist: 0.103 deg)
2026-06-21 11:40:17,269 [INFO]   Resende <- Itatiaia (dist: 0.123 deg)
2026-06-21 11:40:17,270 [INFO]   Rio Bonito <- Tanguá (dist: 0.100 deg)
2026-06-21 11:40:17,271 [INFO]   Rio das Ostras <- Macaé (dist: 0.220 deg)
2026-06-21 11:40:17,273 [INFO]   Rio de Janeiro <- Niterói (dist: 0.073 deg)
2026-06-21 11:40:17,274 [INFO]   Seropédica <- Japeri (dist: 0.111 deg)
2026-06-21 11:40:17,275 [INFO]   Sumidouro <- Carmo (dist: 0.138 deg)
2026-06-21 11:40:17,277 [INFO]   Teresópolis <- Guapimirim (dist: 0.125 deg)
2026-06-21 11:40:17,278 [INFO]   Total após atribuição: 92 municípios
2026-06-21 11:40:17,278 [INFO] Passo 3 OK: 92 municípios (após vizinho)
2026-06-21 11:40:17,278 [INFO] Extraindo série temporal nacional ANUAL de PM2.5...
2026-06-21 11:40:17,278 [INFO]   Série anual encontrada: ['df_mensal.ano', 'Sum(df_mensal.pm25)', 'medidas.min', 'medidas.max', 'medidas.boa', 'medidas.moderada', 'medidas.muitoruim', 'medidas.ruim']
2026-06-21 11:40:17,279 [INFO]   Série nacional anual: 15 anos (2010-2024)
2026-06-21 11:40:17,279 [INFO]   PM25 nacional medio: 10.39 ug/m3
2026-06-21 11:40:17,279 [INFO] Passo 4a OK: 15 anos na série anual
2026-06-21 11:40:17,279 [INFO] Extraindo perfil sazonal mensal nacional de PM2.5...
2026-06-21 11:40:17,279 [INFO]   Perfil mensal encontrado: ['Sum(df_mensal.pm25)', 'df_mensal.mes_nome', 'df_mensal.ano']
2026-06-21 11:40:17,279 [INFO]   Perfil mensal extraído: 12 meses do ano 2024
2026-06-21 11:40:17,279 [INFO]     Mês 01: 8.49 ug/m3
2026-06-21 11:40:17,279 [INFO]     Mês 02: 9.04 ug/m3
2026-06-21 11:40:17,279 [INFO]     Mês 03: 9.37 ug/m3
2026-06-21 11:40:17,279 [INFO]     Mês 04: 9.27 ug/m3
2026-06-21 11:40:17,279 [INFO]     Mês 05: 9.11 ug/m3
2026-06-21 11:40:17,279 [INFO]     Mês 06: 10.21 ug/m3
2026-06-21 11:40:17,279 [INFO]     Mês 07: 11.06 ug/m3
2026-06-21 11:40:17,279 [INFO]     Mês 08: 20.67 ug/m3
2026-06-21 11:40:17,279 [INFO]     Mês 09: 34.32 ug/m3
2026-06-21 11:40:17,279 [INFO]     Mês 10: 17.06 ug/m3
2026-06-21 11:40:17,279 [INFO]     Mês 11: 10.81 ug/m3
2026-06-21 11:40:17,279 [INFO]     Mês 12: 9.86 ug/m3
2026-06-21 11:40:17,279 [INFO] Passo 4b OK: 12 meses no perfil sazonal
2026-06-21 11:40:17,279 [INFO] Downscaling temporal MENSAL: 2010-2025...
2026-06-21 11:40:17,279 [INFO]   PM25 nacional medio (2010-2024): 10.39
2026-06-21 11:40:17,280 [INFO]   PM25 nacional 2025 (extrapolado): 12.50
2026-06-21 11:40:17,280 [INFO]   Média do perfil mensal: 13.27 ug/m3
2026-06-21 11:40:17,280 [INFO]   Razões mensais (média=1.0):
2026-06-21 11:40:17,280 [INFO]     Mês 01: ratio = 0.6399
2026-06-21 11:40:17,280 [INFO]     Mês 02: ratio = 0.6812
2026-06-21 11:40:17,280 [INFO]     Mês 03: ratio = 0.7062
2026-06-21 11:40:17,280 [INFO]     Mês 04: ratio = 0.6981
2026-06-21 11:40:17,280 [INFO]     Mês 05: ratio = 0.6862
2026-06-21 11:40:17,280 [INFO]     Mês 06: ratio = 0.7692
2026-06-21 11:40:17,280 [INFO]     Mês 07: ratio = 0.8333
2026-06-21 11:40:17,280 [INFO]     Mês 08: ratio = 1.5572
2026-06-21 11:40:17,280 [INFO]     Mês 09: ratio = 2.5860
2026-06-21 11:40:17,280 [INFO]     Mês 10: ratio = 1.2853
2026-06-21 11:40:17,280 [INFO]     Mês 11: ratio = 0.8146
2026-06-21 11:40:17,280 [INFO]     Mês 12: ratio = 0.7427
2026-06-21 11:40:17,409 [INFO]   Registros mensais gerados: 17664 (92 mun x 16 anos x 12 meses)
2026-06-21 11:40:17,409 [INFO]   PM25 medio global: 16.22 ug/m3
2026-06-21 11:40:17,410 [INFO]   PM25 min: 3.64, max: 80.87
2026-06-21 11:40:17,410 [INFO] Passo 5 OK: 17664 registros mensais
2026-06-21 11:40:17,414 [INFO]   Macrorregioes na base: 9
2026-06-21 11:40:17,418 [INFO]     Baixada Litorânea: 9 municipios, PM25 medio = 10.64
2026-06-21 11:40:17,420 [INFO]     Baía da Ilha Grande: 3 municipios, PM25 medio = 20.33
2026-06-21 11:40:17,424 [INFO]     Centro-Sul: 12 municipios, PM25 medio = 19.75
2026-06-21 11:40:17,426 [INFO]     Metropolitana I: 12 municipios, PM25 medio = 23.73
2026-06-21 11:40:17,428 [INFO]     Metropolitana II: 7 municipios, PM25 medio = 17.29
2026-06-21 11:40:17,431 [INFO]     Médio Paraíba: 11 municipios, PM25 medio = 20.89
2026-06-21 11:40:17,434 [INFO]     Noroeste: 14 municipios, PM25 medio = 11.43
2026-06-21 11:40:17,436 [INFO]     Norte: 8 municipios, PM25 medio = 9.65
2026-06-21 11:40:17,439 [INFO]     Serrana: 16 municipios, PM25 medio = 14.13
2026-06-21 11:40:17,440 [INFO]   Macrorregioes na base: 9
2026-06-21 11:40:17,441 [INFO]     Baixada Litorânea: 9 municipios, PM25 medio = 10.50
2026-06-21 11:40:17,442 [INFO]     Baía da Ilha Grande: 3 municipios, PM25 medio = 20.07
2026-06-21 11:40:17,443 [INFO]     Centro-Sul: 12 municipios, PM25 medio = 19.50
2026-06-21 11:40:17,444 [INFO]     Metropolitana I: 12 municipios, PM25 medio = 23.43
2026-06-21 11:40:17,445 [INFO]     Metropolitana II: 7 municipios, PM25 medio = 17.07
2026-06-21 11:40:17,445 [INFO]     Médio Paraíba: 11 municipios, PM25 medio = 20.63
2026-06-21 11:40:17,446 [INFO]     Noroeste: 14 municipios, PM25 medio = 11.29
2026-06-21 11:40:17,446 [INFO]     Norte: 8 municipios, PM25 medio = 9.53
2026-06-21 11:40:17,447 [INFO]     Serrana: 16 municipios, PM25 medio = 13.95
2026-06-21 11:40:17,447 [INFO] Passo 6 OK: macroregiões adicionadas
2026-06-21 11:40:17,447 [INFO] Agregando PM25 mensal por macroregião...
2026-06-21 11:40:17,461 [INFO]   CSV macroregião mensal: C:\Users\oorie\OneDrive\Documentos\TRABALHOS\DLNM\02_MP25_RJ_exposicao\data_processed\mp25_macroregiao_mensal_2010_2025.csv (1728 registros)
2026-06-21 11:40:17,461 [INFO] Passo 7 OK: 1728 registros macroregionais mensais
2026-06-21 11:40:17,461 [INFO] Salvando resultados...
2026-06-21 11:40:17,505 [INFO]   CSV mensal: C:\Users\oorie\OneDrive\Documentos\TRABALHOS\DLNM\02_MP25_RJ_exposicao\data_processed\mp25_rj_mensal_2010_2025.csv
2026-06-21 11:40:17,508 [INFO]   CSV médias municipais: C:\Users\oorie\OneDrive\Documentos\TRABALHOS\DLNM\02_MP25_RJ_exposicao\data_processed\mp25_rj_media_municipal.csv
2026-06-21 11:40:17,519 [INFO]   CSV estatísticas: C:\Users\oorie\OneDrive\Documentos\TRABALHOS\DLNM\02_MP25_RJ_exposicao\data_processed\mp25_rj_estatisticas_macroregiao.csv
2026-06-21 11:40:17,573 [INFO]   Relatório de auditoria: C:\Users\oorie\OneDrive\Documentos\TRABALHOS\DLNM\02_MP25_RJ_exposicao\outputs\auditoria\relatorio_auditoria_20260621_114017.txt
2026-06-21 11:40:17,573 [INFO] Passo 8 OK: resultados salvos
2026-06-21 11:40:17,573 [INFO] ============================================================
2026-06-21 11:40:17,573 [INFO] PROCESSO CONCLUÍDO COM SUCESSO!
2026-06-21 11:40:17,573 [INFO] Granularidade: MENSAL (17664 registros)
2026-06-21 11:40:17,573 [INFO] Outputs: C:\Users\oorie\OneDrive\Documentos\TRABALHOS\DLNM\02_MP25_RJ_exposicao\outputs
2026-06-21 11:40:17,573 [INFO] Auditoria: C:\Users\oorie\OneDrive\Documentos\TRABALHOS\DLNM\02_MP25_RJ_exposicao\outputs\auditoria
2026-06-21 11:40:17,573 [INFO] ============================================================
